<?xml version="1.0" encoding="UTF-8"?>
<robot generator="Robot 6.0.2 (Python 3.10.7 on darwin)" generated="20230524 21:59:02.678" rpa="false" schemaversion="3">
<suite id="s1" name="Index" source="/Users/ngounse/Desktop/robot-framwork/index.r">
<test id="s1-t1" name="User fill in the Search text box" line="14">
<kw name="Open Browser" library="Selenium2Library">
<arg>${URL}</arg>
<arg>${browser}</arg>
<doc>Opens a new browser instance to the optional ``url``.</doc>
<msg timestamp="20230524 21:59:02.769" level="INFO">Opening browser 'chrome' to base url 'https://www.google.com'.</msg>
<msg timestamp="20230524 21:59:02.770" level="INFO">Applicable driver not found; attempting to install with Selenium Manager (Beta)</msg>
<status status="PASS" starttime="20230524 21:59:02.769" endtime="20230524 21:59:06.157"/>
</kw>
<kw name="Wait Until Page Contains" library="Selenium2Library">
<arg>${URL}</arg>
<doc>Waits until ``text`` appears on the current page.</doc>
<status status="PASS" starttime="20230524 21:59:06.158" endtime="20230524 21:59:06.170"/>
</kw>
<kw name="Input Text" library="Selenium2Library">
<arg>${text}</arg>
<arg>${keyword}</arg>
<doc>Types the given ``text`` into the text field identified by ``locator``.</doc>
<msg timestamp="20230524 21:59:06.170" level="INFO">Typing text 'robotframework' into text field 'xpath=//*[@type="search"]'.</msg>
<status status="PASS" starttime="20230524 21:59:06.170" endtime="20230524 21:59:06.298"/>
</kw>
<kw name="Wait Until Page Contains" library="Selenium2Library">
<arg>${keyword}</arg>
<doc>Waits until ``text`` appears on the current page.</doc>
<status status="PASS" starttime="20230524 21:59:06.298" endtime="20230524 21:59:06.520"/>
</kw>
<kw name="Page Should Contain" library="Selenium2Library">
<arg>${keyword}</arg>
<doc>Verifies that current page contains ``text``.</doc>
<msg timestamp="20230524 21:59:06.527" level="INFO">Current page contains text 'robotframework'.</msg>
<status status="PASS" starttime="20230524 21:59:06.520" endtime="20230524 21:59:06.527"/>
</kw>
<kw name="Click Element" library="Selenium2Library">
<arg>${search_button}</arg>
<doc>Click the element identified by ``locator``.</doc>
<msg timestamp="20230524 21:59:06.528" level="INFO">Clicking element 'name=btnK'.</msg>
<status status="PASS" starttime="20230524 21:59:06.528" endtime="20230524 21:59:06.728"/>
</kw>
<kw name="Page Should Contain" library="Selenium2Library">
<arg>${keyword}</arg>
<doc>Verifies that current page contains ``text``.</doc>
<msg timestamp="20230524 21:59:10.439" level="INFO">Current page contains text 'robotframework'.</msg>
<status status="PASS" starttime="20230524 21:59:06.728" endtime="20230524 21:59:10.439"/>
</kw>
<kw name="Sleep" library="BuiltIn">
<arg>5</arg>
<doc>Pauses the test executed for the given time.</doc>
<msg timestamp="20230524 21:59:15.440" level="INFO">Slept 5 seconds</msg>
<status status="PASS" starttime="20230524 21:59:10.439" endtime="20230524 21:59:15.440"/>
</kw>
<kw name="Close Browser" library="Selenium2Library">
<doc>Closes the current browser.</doc>
<status status="PASS" starttime="20230524 21:59:15.440" endtime="20230524 21:59:15.515"/>
</kw>
<doc>The user search 'robotframework'</doc>
<status status="PASS" starttime="20230524 21:59:02.768" endtime="20230524 21:59:15.515"/>
</test>
<doc>This is a basic test</doc>
<status status="PASS" starttime="20230524 21:59:02.678" endtime="20230524 21:59:15.515"/>
</suite>
<statistics>
<total>
<stat pass="1" fail="0" skip="0">All Tests</stat>
</total>
<tag>
</tag>
<suite>
<stat pass="1" fail="0" skip="0" id="s1" name="Index">Index</stat>
</suite>
</statistics>
<errors>
</errors>
</robot>
