<?xml version="1.0" encoding="UTF-8"?>
<robot generator="Robot 6.0.2 (Python 3.10.7 on darwin)" generated="20230525 09:13:00.909" rpa="false" schemaversion="3">
<suite id="s1" name="Index" source="/Users/ngounse/Desktop/robotFramwork/index.r">
<test id="s1-t1" name="User fill in the Search text box" line="14">
<kw name="Open Browser" library="Selenium2Library">
<arg>${URL}</arg>
<arg>${browser}</arg>
<doc>Opens a new browser instance to the optional ``url``.</doc>
<msg timestamp="20230525 09:13:00.999" level="INFO">Opening browser 'chrome' to base url 'https://www.google.com'.</msg>
<msg timestamp="20230525 09:13:00.999" level="INFO">Applicable driver not found; attempting to install with Selenium Manager (Beta)</msg>
<status status="PASS" starttime="20230525 09:13:00.999" endtime="20230525 09:13:03.736"/>
</kw>
<kw name="Wait Until Page Contains" library="Selenium2Library">
<arg>${URL}</arg>
<doc>Waits until ``text`` appears on the current page.</doc>
<status status="PASS" starttime="20230525 09:13:03.737" endtime="20230525 09:13:03.747"/>
</kw>
<kw name="Input Text" library="Selenium2Library">
<arg>${text}</arg>
<arg>${keyword}</arg>
<doc>Types the given ``text`` into the text field identified by ``locator``.</doc>
<msg timestamp="20230525 09:13:03.748" level="INFO">Typing text 'robotframework' into text field 'xpath=//*[@type="search"]'.</msg>
<status status="PASS" starttime="20230525 09:13:03.747" endtime="20230525 09:13:03.855"/>
</kw>
<kw name="Wait Until Page Contains" library="Selenium2Library">
<arg>${keyword}</arg>
<doc>Waits until ``text`` appears on the current page.</doc>
<status status="PASS" starttime="20230525 09:13:03.855" endtime="20230525 09:13:04.075"/>
</kw>
<kw name="Page Should Contain" library="Selenium2Library">
<arg>${keyword}</arg>
<doc>Verifies that current page contains ``text``.</doc>
<msg timestamp="20230525 09:13:04.082" level="INFO">Current page contains text 'robotframework'.</msg>
<status status="PASS" starttime="20230525 09:13:04.075" endtime="20230525 09:13:04.082"/>
</kw>
<kw name="Click Element" library="Selenium2Library">
<arg>${search_button}</arg>
<doc>Click the element identified by ``locator``.</doc>
<msg timestamp="20230525 09:13:04.083" level="INFO">Clicking element 'name=btnK'.</msg>
<status status="PASS" starttime="20230525 09:13:04.082" endtime="20230525 09:13:04.299"/>
</kw>
<kw name="Page Should Contain" library="Selenium2Library">
<arg>${keyword}</arg>
<doc>Verifies that current page contains ``text``.</doc>
<msg timestamp="20230525 09:13:10.909" level="INFO">Current page contains text 'robotframework'.</msg>
<status status="PASS" starttime="20230525 09:13:04.299" endtime="20230525 09:13:10.909"/>
</kw>
<kw name="Sleep" library="BuiltIn">
<arg>5s</arg>
<doc>Pauses the test executed for the given time.</doc>
<msg timestamp="20230525 09:13:15.911" level="INFO">Slept 5 seconds</msg>
<status status="PASS" starttime="20230525 09:13:10.909" endtime="20230525 09:13:15.911"/>
</kw>
<kw name="Close Browser" library="Selenium2Library">
<doc>Closes the current browser.</doc>
<status status="PASS" starttime="20230525 09:13:15.911" endtime="20230525 09:13:15.998"/>
</kw>
<doc>The user search 'robotframework'</doc>
<status status="PASS" starttime="20230525 09:13:00.998" endtime="20230525 09:13:15.998"/>
</test>
<doc>This is a basic test</doc>
<status status="PASS" starttime="20230525 09:13:00.909" endtime="20230525 09:13:15.998"/>
</suite>
<statistics>
<total>
<stat pass="1" fail="0" skip="0">All Tests</stat>
</total>
<tag>
</tag>
<suite>
<stat pass="1" fail="0" skip="0" id="s1" name="Index">Index</stat>
</suite>
</statistics>
<errors>
</errors>
</robot>
